ARM GAS  /tmp/ccXR1bbM.s 			page 1


   1              		.syntax unified
   2              		.cpu cortex-m3
   3              		.fpu softvfp
   4              		.eabi_attribute 20, 1
   5              		.eabi_attribute 21, 1
   6              		.eabi_attribute 23, 3
   7              		.eabi_attribute 24, 1
   8              		.eabi_attribute 25, 1
   9              		.eabi_attribute 26, 1
  10              		.eabi_attribute 30, 4
  11              		.eabi_attribute 34, 1
  12              		.eabi_attribute 18, 4
  13              		.thumb
  14              		.file	"stm32f1xx_hal_rcc.c"
  15              		.section	.text.HAL_RCC_DeInit,"ax",%progbits
  16              		.align	1
  17              		.global	HAL_RCC_DeInit
  18              		.thumb
  19              		.thumb_func
  21              	HAL_RCC_DeInit:
  22              		@ args = 0, pretend = 0, frame = 0
  23              		@ frame_needed = 0, uses_anonymous_args = 0
  24 0000 F8B5     		push	{r3, r4, r5, r6, r7, lr}
  25 0002 FFF7FEFF 		bl	HAL_GetTick
  26 0006 0646     		mov	r6, r0
  27 0008 314C     		ldr	r4, .L19
  28 000a 2368     		ldr	r3, [r4]
  29 000c 43F00103 		orr	r3, r3, #1
  30 0010 2360     		str	r3, [r4]
  31              	.L2:
  32 0012 2368     		ldr	r3, [r4]
  33 0014 2E4D     		ldr	r5, .L19
  34 0016 9B07     		lsls	r3, r3, #30
  35 0018 06D4     		bmi	.L15
  36 001a FFF7FEFF 		bl	HAL_GetTick
  37 001e 801B     		subs	r0, r0, r6
  38 0020 0228     		cmp	r0, #2
  39 0022 F6D9     		bls	.L2
  40              	.L6:
  41 0024 0325     		movs	r5, #3
  42 0026 50E0     		b	.L3
  43              	.L15:
  44 0028 2B68     		ldr	r3, [r5]
  45 002a 23F0F803 		bic	r3, r3, #248
  46 002e 43F08003 		orr	r3, r3, #128
  47 0032 2B60     		str	r3, [r5]
  48 0034 FFF7FEFF 		bl	HAL_GetTick
  49 0038 0746     		mov	r7, r0
  50 003a 0023     		movs	r3, #0
  51 003c 6B60     		str	r3, [r5, #4]
  52              	.L5:
  53 003e 6368     		ldr	r3, [r4, #4]
  54 0040 234E     		ldr	r6, .L19
  55 0042 13F00C0F 		tst	r3, #12
  56 0046 07D0     		beq	.L16
  57 0048 FFF7FEFF 		bl	HAL_GetTick
  58 004c 41F28833 		movw	r3, #5000
ARM GAS  /tmp/ccXR1bbM.s 			page 2


  59 0050 C01B     		subs	r0, r0, r7
  60 0052 9842     		cmp	r0, r3
  61 0054 F3D9     		bls	.L5
  62 0056 E5E7     		b	.L6
  63              	.L16:
  64 0058 1E4A     		ldr	r2, .L19+4
  65 005a 1F4B     		ldr	r3, .L19+8
  66 005c 1A60     		str	r2, [r3]
  67 005e 1F4B     		ldr	r3, .L19+12
  68 0060 1868     		ldr	r0, [r3]
  69 0062 FFF7FEFF 		bl	HAL_InitTick
  70 0066 0546     		mov	r5, r0
  71 0068 70BB     		cbnz	r0, .L12
  72 006a FFF7FEFF 		bl	HAL_GetTick
  73 006e 0746     		mov	r7, r0
  74 0070 3368     		ldr	r3, [r6]
  75 0072 23F08073 		bic	r3, r3, #16777216
  76 0076 3360     		str	r3, [r6]
  77              	.L8:
  78 0078 2368     		ldr	r3, [r4]
  79 007a 154E     		ldr	r6, .L19
  80 007c 13F00073 		ands	r3, r3, #33554432
  81 0080 05D0     		beq	.L17
  82 0082 FFF7FEFF 		bl	HAL_GetTick
  83 0086 C01B     		subs	r0, r0, r7
  84 0088 0228     		cmp	r0, #2
  85 008a F5D9     		bls	.L8
  86 008c CAE7     		b	.L6
  87              	.L17:
  88 008e 7360     		str	r3, [r6, #4]
  89 0090 FFF7FEFF 		bl	HAL_GetTick
  90 0094 0746     		mov	r7, r0
  91 0096 3368     		ldr	r3, [r6]
  92 0098 23F41023 		bic	r3, r3, #589824
  93 009c 3360     		str	r3, [r6]
  94              	.L10:
  95 009e 2268     		ldr	r2, [r4]
  96 00a0 0B4B     		ldr	r3, .L19
  97 00a2 12F40032 		ands	r2, r2, #131072
  98 00a6 05D0     		beq	.L18
  99 00a8 FFF7FEFF 		bl	HAL_GetTick
 100 00ac C01B     		subs	r0, r0, r7
 101 00ae 6428     		cmp	r0, #100
 102 00b0 F5D9     		bls	.L10
 103 00b2 B7E7     		b	.L6
 104              	.L18:
 105 00b4 1968     		ldr	r1, [r3]
 106 00b6 21F48021 		bic	r1, r1, #262144
 107 00ba 1960     		str	r1, [r3]
 108 00bc 596A     		ldr	r1, [r3, #36]
 109 00be 41F08071 		orr	r1, r1, #16777216
 110 00c2 5962     		str	r1, [r3, #36]
 111 00c4 9A60     		str	r2, [r3, #8]
 112 00c6 00E0     		b	.L3
 113              	.L12:
 114 00c8 0125     		movs	r5, #1
 115              	.L3:
ARM GAS  /tmp/ccXR1bbM.s 			page 3


 116 00ca 2846     		mov	r0, r5
 117 00cc F8BD     		pop	{r3, r4, r5, r6, r7, pc}
 118              	.L20:
 119 00ce 00BF     		.align	2
 120              	.L19:
 121 00d0 00100240 		.word	1073876992
 122 00d4 00127A00 		.word	8000000
 123 00d8 00000000 		.word	SystemCoreClock
 124 00dc 00000000 		.word	uwTickPrio
 126              		.section	.text.HAL_RCC_OscConfig,"ax",%progbits
 127              		.align	1
 128              		.global	HAL_RCC_OscConfig
 129              		.thumb
 130              		.thumb_func
 132              	HAL_RCC_OscConfig:
 133              		@ args = 0, pretend = 0, frame = 8
 134              		@ frame_needed = 0, uses_anonymous_args = 0
 135 0000 F7B5     		push	{r0, r1, r2, r4, r5, r6, r7, lr}
 136 0002 0546     		mov	r5, r0
 137 0004 0028     		cmp	r0, #0
 138 0006 00F09581 		beq	.L89
 139 000a 0368     		ldr	r3, [r0]
 140 000c DB07     		lsls	r3, r3, #31
 141 000e 03D4     		bmi	.L24
 142              	.L29:
 143 0010 2B68     		ldr	r3, [r5]
 144 0012 9F07     		lsls	r7, r3, #30
 145 0014 4ED4     		bmi	.L25
 146 0016 90E0     		b	.L40
 147              	.L24:
 148 0018 974C     		ldr	r4, .L119
 149 001a 6368     		ldr	r3, [r4, #4]
 150 001c 03F00C03 		and	r3, r3, #12
 151 0020 042B     		cmp	r3, #4
 152 0022 07D0     		beq	.L27
 153 0024 6368     		ldr	r3, [r4, #4]
 154 0026 03F00C03 		and	r3, r3, #12
 155 002a 082B     		cmp	r3, #8
 156 002c 09D1     		bne	.L28
 157 002e 6368     		ldr	r3, [r4, #4]
 158 0030 DE03     		lsls	r6, r3, #15
 159 0032 06D5     		bpl	.L28
 160              	.L27:
 161 0034 2368     		ldr	r3, [r4]
 162 0036 9C03     		lsls	r4, r3, #14
 163 0038 EAD5     		bpl	.L29
 164 003a 6B68     		ldr	r3, [r5, #4]
 165 003c 002B     		cmp	r3, #0
 166 003e E7D1     		bne	.L29
 167 0040 78E1     		b	.L89
 168              	.L28:
 169 0042 6B68     		ldr	r3, [r5, #4]
 170 0044 B3F5803F 		cmp	r3, #65536
 171 0048 13D0     		beq	.L114
 172 004a 5BB9     		cbnz	r3, .L33
 173 004c 2368     		ldr	r3, [r4]
 174 004e 23F48033 		bic	r3, r3, #65536
ARM GAS  /tmp/ccXR1bbM.s 			page 4


 175 0052 2360     		str	r3, [r4]
 176 0054 2368     		ldr	r3, [r4]
 177 0056 23F48023 		bic	r3, r3, #262144
 178 005a 2360     		str	r3, [r4]
 179 005c FFF7FEFF 		bl	HAL_GetTick
 180 0060 0646     		mov	r6, r0
 181 0062 23E0     		b	.L34
 182              	.L33:
 183 0064 B3F5A02F 		cmp	r3, #327680
 184 0068 2368     		ldr	r3, [r4]
 185 006a 06D1     		bne	.L35
 186 006c 43F48023 		orr	r3, r3, #262144
 187 0070 2360     		str	r3, [r4]
 188              	.L114:
 189 0072 2368     		ldr	r3, [r4]
 190 0074 43F48033 		orr	r3, r3, #65536
 191 0078 05E0     		b	.L112
 192              	.L35:
 193 007a 23F48033 		bic	r3, r3, #65536
 194 007e 2360     		str	r3, [r4]
 195 0080 2368     		ldr	r3, [r4]
 196 0082 23F48023 		bic	r3, r3, #262144
 197              	.L112:
 198 0086 2360     		str	r3, [r4]
 199 0088 FFF7FEFF 		bl	HAL_GetTick
 200 008c 0646     		mov	r6, r0
 201              	.L36:
 202 008e 2368     		ldr	r3, [r4]
 203 0090 9803     		lsls	r0, r3, #14
 204 0092 BDD4     		bmi	.L29
 205 0094 FFF7FEFF 		bl	HAL_GetTick
 206 0098 801B     		subs	r0, r0, r6
 207 009a 6428     		cmp	r0, #100
 208 009c F7D9     		bls	.L36
 209              	.L38:
 210 009e 0320     		movs	r0, #3
 211 00a0 49E1     		b	.L110
 212              	.L39:
 213 00a2 FFF7FEFF 		bl	HAL_GetTick
 214 00a6 801B     		subs	r0, r0, r6
 215 00a8 6428     		cmp	r0, #100
 216 00aa F8D8     		bhi	.L38
 217              	.L34:
 218 00ac 2368     		ldr	r3, [r4]
 219 00ae 9903     		lsls	r1, r3, #14
 220 00b0 F7D4     		bmi	.L39
 221 00b2 ADE7     		b	.L29
 222              	.L25:
 223 00b4 704C     		ldr	r4, .L119
 224 00b6 6368     		ldr	r3, [r4, #4]
 225 00b8 13F00C0F 		tst	r3, #12
 226 00bc 07D0     		beq	.L41
 227 00be 6368     		ldr	r3, [r4, #4]
 228 00c0 03F00C03 		and	r3, r3, #12
 229 00c4 082B     		cmp	r3, #8
 230 00c6 11D1     		bne	.L42
 231 00c8 6368     		ldr	r3, [r4, #4]
ARM GAS  /tmp/ccXR1bbM.s 			page 5


 232 00ca DA03     		lsls	r2, r3, #15
 233 00cc 0ED4     		bmi	.L42
 234              	.L41:
 235 00ce 2368     		ldr	r3, [r4]
 236 00d0 9B07     		lsls	r3, r3, #30
 237 00d2 03D5     		bpl	.L43
 238 00d4 2B69     		ldr	r3, [r5, #16]
 239 00d6 012B     		cmp	r3, #1
 240 00d8 40F02C81 		bne	.L89
 241              	.L43:
 242 00dc 2368     		ldr	r3, [r4]
 243 00de 6A69     		ldr	r2, [r5, #20]
 244 00e0 23F0F803 		bic	r3, r3, #248
 245 00e4 43EAC203 		orr	r3, r3, r2, lsl #3
 246 00e8 2360     		str	r3, [r4]
 247 00ea 26E0     		b	.L40
 248              	.L42:
 249 00ec 2A69     		ldr	r2, [r5, #16]
 250 00ee 634B     		ldr	r3, .L119+4
 251 00f0 B2B1     		cbz	r2, .L44
 252 00f2 0122     		movs	r2, #1
 253 00f4 1A60     		str	r2, [r3]
 254 00f6 FFF7FEFF 		bl	HAL_GetTick
 255 00fa 0646     		mov	r6, r0
 256              	.L45:
 257 00fc 2368     		ldr	r3, [r4]
 258 00fe 5E4A     		ldr	r2, .L119
 259 0100 9F07     		lsls	r7, r3, #30
 260 0102 05D4     		bmi	.L116
 261 0104 FFF7FEFF 		bl	HAL_GetTick
 262 0108 801B     		subs	r0, r0, r6
 263 010a 0228     		cmp	r0, #2
 264 010c F6D9     		bls	.L45
 265 010e C6E7     		b	.L38
 266              	.L116:
 267 0110 1368     		ldr	r3, [r2]
 268 0112 6969     		ldr	r1, [r5, #20]
 269 0114 23F0F803 		bic	r3, r3, #248
 270 0118 43EAC103 		orr	r3, r3, r1, lsl #3
 271 011c 1360     		str	r3, [r2]
 272 011e 0CE0     		b	.L40
 273              	.L44:
 274 0120 1A60     		str	r2, [r3]
 275 0122 FFF7FEFF 		bl	HAL_GetTick
 276 0126 0646     		mov	r6, r0
 277              	.L47:
 278 0128 2368     		ldr	r3, [r4]
 279 012a 9807     		lsls	r0, r3, #30
 280 012c 05D5     		bpl	.L40
 281 012e FFF7FEFF 		bl	HAL_GetTick
 282 0132 801B     		subs	r0, r0, r6
 283 0134 0228     		cmp	r0, #2
 284 0136 F7D9     		bls	.L47
 285 0138 B1E7     		b	.L38
 286              	.L40:
 287 013a 2B68     		ldr	r3, [r5]
 288 013c 1907     		lsls	r1, r3, #28
ARM GAS  /tmp/ccXR1bbM.s 			page 6


 289 013e 03D4     		bmi	.L49
 290              	.L56:
 291 0140 2B68     		ldr	r3, [r5]
 292 0142 5A07     		lsls	r2, r3, #29
 293 0144 2DD4     		bmi	.L50
 294 0146 92E0     		b	.L59
 295              	.L49:
 296 0148 AA69     		ldr	r2, [r5, #24]
 297 014a 4B4C     		ldr	r4, .L119
 298 014c 4C4B     		ldr	r3, .L119+8
 299 014e DAB1     		cbz	r2, .L52
 300 0150 0122     		movs	r2, #1
 301 0152 1A60     		str	r2, [r3]
 302 0154 FFF7FEFF 		bl	HAL_GetTick
 303 0158 0646     		mov	r6, r0
 304              	.L53:
 305 015a 636A     		ldr	r3, [r4, #36]
 306 015c 9B07     		lsls	r3, r3, #30
 307 015e 05D4     		bmi	.L117
 308 0160 FFF7FEFF 		bl	HAL_GetTick
 309 0164 801B     		subs	r0, r0, r6
 310 0166 0228     		cmp	r0, #2
 311 0168 F7D9     		bls	.L53
 312 016a 98E7     		b	.L38
 313              	.L117:
 314 016c 454B     		ldr	r3, .L119+12
 315 016e 4FF4FA52 		mov	r2, #8000
 316 0172 1B68     		ldr	r3, [r3]
 317 0174 B3FBF2F3 		udiv	r3, r3, r2
 318 0178 0193     		str	r3, [sp, #4]
 319              	.L55:
 320              	@ 1370 "src/stm32f1xx_hal_rcc.c" 1
 321 017a 00BF     		nop
 322              	@ 0 "" 2
 323              		.thumb
 324 017c 019B     		ldr	r3, [sp, #4]
 325 017e 5A1E     		subs	r2, r3, #1
 326 0180 0192     		str	r2, [sp, #4]
 327 0182 002B     		cmp	r3, #0
 328 0184 F9D1     		bne	.L55
 329 0186 DBE7     		b	.L56
 330              	.L52:
 331 0188 1A60     		str	r2, [r3]
 332 018a FFF7FEFF 		bl	HAL_GetTick
 333 018e 0646     		mov	r6, r0
 334              	.L57:
 335 0190 636A     		ldr	r3, [r4, #36]
 336 0192 9F07     		lsls	r7, r3, #30
 337 0194 D4D5     		bpl	.L56
 338 0196 FFF7FEFF 		bl	HAL_GetTick
 339 019a 801B     		subs	r0, r0, r6
 340 019c 0228     		cmp	r0, #2
 341 019e F7D9     		bls	.L57
 342 01a0 7DE7     		b	.L38
 343              	.L50:
 344 01a2 354C     		ldr	r4, .L119
 345 01a4 E369     		ldr	r3, [r4, #28]
ARM GAS  /tmp/ccXR1bbM.s 			page 7


 346 01a6 D800     		lsls	r0, r3, #3
 347 01a8 5FBF     		itttt	pl
 348 01aa E369     		ldrpl	r3, [r4, #28]
 349 01ac 0126     		movpl	r6, #1
 350 01ae 43F08053 		orrpl	r3, r3, #268435456
 351 01b2 E361     		strpl	r3, [r4, #28]
 352 01b4 57BF     		itett	pl
 353 01b6 E369     		ldrpl	r3, [r4, #28]
 354 01b8 0026     		movmi	r6, #0
 355 01ba 03F08053 		andpl	r3, r3, #268435456
 356 01be 0093     		strpl	r3, [sp]
 357 01c0 58BF     		it	pl
 358 01c2 009B     		ldrpl	r3, [sp]
 359 01c4 304B     		ldr	r3, .L119+16
 360 01c6 1A68     		ldr	r2, [r3]
 361 01c8 D105     		lsls	r1, r2, #23
 362 01ca 03D5     		bpl	.L61
 363              	.L66:
 364 01cc EB68     		ldr	r3, [r5, #12]
 365 01ce 012B     		cmp	r3, #1
 366 01d0 11D1     		bne	.L111
 367 01d2 23E0     		b	.L115
 368              	.L61:
 369 01d4 1A68     		ldr	r2, [r3]
 370 01d6 42F48072 		orr	r2, r2, #256
 371 01da 1A60     		str	r2, [r3]
 372 01dc FFF7FEFF 		bl	HAL_GetTick
 373 01e0 0746     		mov	r7, r0
 374              	.L64:
 375 01e2 294B     		ldr	r3, .L119+16
 376 01e4 1B68     		ldr	r3, [r3]
 377 01e6 DA05     		lsls	r2, r3, #23
 378 01e8 F0D4     		bmi	.L66
 379 01ea FFF7FEFF 		bl	HAL_GetTick
 380 01ee C01B     		subs	r0, r0, r7
 381 01f0 6428     		cmp	r0, #100
 382 01f2 F6D9     		bls	.L64
 383 01f4 53E7     		b	.L38
 384              	.L111:
 385 01f6 5BB9     		cbnz	r3, .L68
 386 01f8 236A     		ldr	r3, [r4, #32]
 387 01fa 23F00103 		bic	r3, r3, #1
 388 01fe 2362     		str	r3, [r4, #32]
 389 0200 236A     		ldr	r3, [r4, #32]
 390 0202 23F00403 		bic	r3, r3, #4
 391 0206 2362     		str	r3, [r4, #32]
 392 0208 FFF7FEFF 		bl	HAL_GetTick
 393 020c 0746     		mov	r7, r0
 394 020e 26E0     		b	.L69
 395              	.L68:
 396 0210 052B     		cmp	r3, #5
 397 0212 236A     		ldr	r3, [r4, #32]
 398 0214 06D1     		bne	.L70
 399 0216 43F00403 		orr	r3, r3, #4
 400 021a 2362     		str	r3, [r4, #32]
 401              	.L115:
 402 021c 236A     		ldr	r3, [r4, #32]
ARM GAS  /tmp/ccXR1bbM.s 			page 8


 403 021e 43F00103 		orr	r3, r3, #1
 404 0222 05E0     		b	.L113
 405              	.L70:
 406 0224 23F00103 		bic	r3, r3, #1
 407 0228 2362     		str	r3, [r4, #32]
 408 022a 236A     		ldr	r3, [r4, #32]
 409 022c 23F00403 		bic	r3, r3, #4
 410              	.L113:
 411 0230 2362     		str	r3, [r4, #32]
 412 0232 FFF7FEFF 		bl	HAL_GetTick
 413 0236 0746     		mov	r7, r0
 414              	.L86:
 415 0238 236A     		ldr	r3, [r4, #32]
 416 023a 9B07     		lsls	r3, r3, #30
 417 023c 12D4     		bmi	.L74
 418 023e FFF7FEFF 		bl	HAL_GetTick
 419 0242 41F28833 		movw	r3, #5000
 420 0246 C01B     		subs	r0, r0, r7
 421 0248 9842     		cmp	r0, r3
 422 024a F5D9     		bls	.L86
 423 024c 27E7     		b	.L38
 424              	.L73:
 425 024e FFF7FEFF 		bl	HAL_GetTick
 426 0252 41F28833 		movw	r3, #5000
 427 0256 C01B     		subs	r0, r0, r7
 428 0258 9842     		cmp	r0, r3
 429 025a 3FF620AF 		bhi	.L38
 430              	.L69:
 431 025e 236A     		ldr	r3, [r4, #32]
 432 0260 9807     		lsls	r0, r3, #30
 433 0262 F4D4     		bmi	.L73
 434              	.L74:
 435 0264 1EB1     		cbz	r6, .L59
 436 0266 E369     		ldr	r3, [r4, #28]
 437 0268 23F08053 		bic	r3, r3, #268435456
 438 026c E361     		str	r3, [r4, #28]
 439              	.L59:
 440 026e E869     		ldr	r0, [r5, #28]
 441 0270 60B9     		cbnz	r0, .L75
 442              	.L83:
 443 0272 0020     		movs	r0, #0
 444 0274 5FE0     		b	.L110
 445              	.L120:
 446 0276 00BF     		.align	2
 447              	.L119:
 448 0278 00100240 		.word	1073876992
 449 027c 00004242 		.word	1111621632
 450 0280 80044242 		.word	1111622784
 451 0284 00000000 		.word	SystemCoreClock
 452 0288 00700040 		.word	1073770496
 453              	.L75:
 454 028c 2B4B     		ldr	r3, .L121
 455 028e 5A68     		ldr	r2, [r3, #4]
 456 0290 1C46     		mov	r4, r3
 457 0292 02F00C02 		and	r2, r2, #12
 458 0296 082A     		cmp	r2, #8
 459 0298 3DD0     		beq	.L76
ARM GAS  /tmp/ccXR1bbM.s 			page 9


 460 029a 294E     		ldr	r6, .L121+4
 461 029c 0023     		movs	r3, #0
 462 029e 0228     		cmp	r0, #2
 463 02a0 3360     		str	r3, [r6]
 464 02a2 2CD1     		bne	.L77
 465 02a4 FFF7FEFF 		bl	HAL_GetTick
 466 02a8 0746     		mov	r7, r0
 467              	.L78:
 468 02aa 2268     		ldr	r2, [r4]
 469 02ac 234B     		ldr	r3, .L121
 470 02ae 9101     		lsls	r1, r2, #6
 471 02b0 05D5     		bpl	.L118
 472 02b2 FFF7FEFF 		bl	HAL_GetTick
 473 02b6 C01B     		subs	r0, r0, r7
 474 02b8 0228     		cmp	r0, #2
 475 02ba F6D9     		bls	.L78
 476 02bc EFE6     		b	.L38
 477              	.L118:
 478 02be 2F6A     		ldr	r7, [r5, #32]
 479 02c0 B7F5803F 		cmp	r7, #65536
 480 02c4 01BF     		itttt	eq
 481 02c6 5968     		ldreq	r1, [r3, #4]
 482 02c8 21F40030 		biceq	r0, r1, #131072
 483 02cc A968     		ldreq	r1, [r5, #8]
 484 02ce 0143     		orreq	r1, r1, r0
 485 02d0 08BF     		it	eq
 486 02d2 5960     		streq	r1, [r3, #4]
 487 02d4 6A6A     		ldr	r2, [r5, #36]
 488 02d6 6368     		ldr	r3, [r4, #4]
 489 02d8 3A43     		orrs	r2, r2, r7
 490 02da 23F47413 		bic	r3, r3, #3997696
 491 02de 1343     		orrs	r3, r3, r2
 492 02e0 6360     		str	r3, [r4, #4]
 493 02e2 0123     		movs	r3, #1
 494 02e4 3360     		str	r3, [r6]
 495 02e6 FFF7FEFF 		bl	HAL_GetTick
 496 02ea 0546     		mov	r5, r0
 497              	.L81:
 498 02ec 2368     		ldr	r3, [r4]
 499 02ee 9A01     		lsls	r2, r3, #6
 500 02f0 BFD4     		bmi	.L83
 501 02f2 FFF7FEFF 		bl	HAL_GetTick
 502 02f6 401B     		subs	r0, r0, r5
 503 02f8 0228     		cmp	r0, #2
 504 02fa F7D9     		bls	.L81
 505 02fc CFE6     		b	.L38
 506              	.L77:
 507 02fe FFF7FEFF 		bl	HAL_GetTick
 508 0302 0546     		mov	r5, r0
 509              	.L84:
 510 0304 2368     		ldr	r3, [r4]
 511 0306 9B01     		lsls	r3, r3, #6
 512 0308 B3D5     		bpl	.L83
 513 030a FFF7FEFF 		bl	HAL_GetTick
 514 030e 401B     		subs	r0, r0, r5
 515 0310 0228     		cmp	r0, #2
 516 0312 F7D9     		bls	.L84
ARM GAS  /tmp/ccXR1bbM.s 			page 10


 517 0314 C3E6     		b	.L38
 518              	.L76:
 519 0316 0128     		cmp	r0, #1
 520 0318 0DD0     		beq	.L110
 521 031a 5868     		ldr	r0, [r3, #4]
 522 031c 2B6A     		ldr	r3, [r5, #32]
 523 031e 00F48032 		and	r2, r0, #65536
 524 0322 9A42     		cmp	r2, r3
 525 0324 06D1     		bne	.L89
 526 0326 6B6A     		ldr	r3, [r5, #36]
 527 0328 00F47010 		and	r0, r0, #3932160
 528 032c C01A     		subs	r0, r0, r3
 529 032e 18BF     		it	ne
 530 0330 0120     		movne	r0, #1
 531 0332 00E0     		b	.L110
 532              	.L89:
 533 0334 0120     		movs	r0, #1
 534              	.L110:
 535 0336 03B0     		add	sp, sp, #12
 536              		@ sp needed
 537 0338 F0BD     		pop	{r4, r5, r6, r7, pc}
 538              	.L122:
 539 033a 00BF     		.align	2
 540              	.L121:
 541 033c 00100240 		.word	1073876992
 542 0340 60004242 		.word	1111621728
 544              		.section	.text.HAL_RCC_MCOConfig,"ax",%progbits
 545              		.align	1
 546              		.global	HAL_RCC_MCOConfig
 547              		.thumb
 548              		.thumb_func
 550              	HAL_RCC_MCOConfig:
 551              		@ args = 0, pretend = 0, frame = 24
 552              		@ frame_needed = 0, uses_anonymous_args = 0
 553 0000 30B5     		push	{r4, r5, lr}
 554 0002 87B0     		sub	sp, sp, #28
 555 0004 0D46     		mov	r5, r1
 556 0006 1022     		movs	r2, #16
 557 0008 02A8     		add	r0, sp, #8
 558 000a 0021     		movs	r1, #0
 559 000c FFF7FEFF 		bl	memset
 560 0010 0223     		movs	r3, #2
 561 0012 0393     		str	r3, [sp, #12]
 562 0014 0323     		movs	r3, #3
 563 0016 0593     		str	r3, [sp, #20]
 564 0018 0B4C     		ldr	r4, .L124
 565 001a 4FF48073 		mov	r3, #256
 566 001e 0293     		str	r3, [sp, #8]
 567 0020 A369     		ldr	r3, [r4, #24]
 568 0022 02A9     		add	r1, sp, #8
 569 0024 43F00403 		orr	r3, r3, #4
 570 0028 A361     		str	r3, [r4, #24]
 571 002a A369     		ldr	r3, [r4, #24]
 572 002c 0748     		ldr	r0, .L124+4
 573 002e 03F00403 		and	r3, r3, #4
 574 0032 0193     		str	r3, [sp, #4]
 575 0034 019B     		ldr	r3, [sp, #4]
ARM GAS  /tmp/ccXR1bbM.s 			page 11


 576 0036 FFF7FEFF 		bl	HAL_GPIO_Init
 577 003a 6168     		ldr	r1, [r4, #4]
 578 003c 21F0E061 		bic	r1, r1, #117440512
 579 0040 2943     		orrs	r1, r1, r5
 580 0042 6160     		str	r1, [r4, #4]
 581 0044 07B0     		add	sp, sp, #28
 582              		@ sp needed
 583 0046 30BD     		pop	{r4, r5, pc}
 584              	.L125:
 585              		.align	2
 586              	.L124:
 587 0048 00100240 		.word	1073876992
 588 004c 00080140 		.word	1073809408
 590              		.section	.text.HAL_RCC_EnableCSS,"ax",%progbits
 591              		.align	1
 592              		.global	HAL_RCC_EnableCSS
 593              		.thumb
 594              		.thumb_func
 596              	HAL_RCC_EnableCSS:
 597              		@ args = 0, pretend = 0, frame = 0
 598              		@ frame_needed = 0, uses_anonymous_args = 0
 599              		@ link register save eliminated.
 600 0000 014B     		ldr	r3, .L127
 601 0002 0122     		movs	r2, #1
 602 0004 1A60     		str	r2, [r3]
 603 0006 7047     		bx	lr
 604              	.L128:
 605              		.align	2
 606              	.L127:
 607 0008 4C004242 		.word	1111621708
 609              		.section	.text.HAL_RCC_DisableCSS,"ax",%progbits
 610              		.align	1
 611              		.global	HAL_RCC_DisableCSS
 612              		.thumb
 613              		.thumb_func
 615              	HAL_RCC_DisableCSS:
 616              		@ args = 0, pretend = 0, frame = 0
 617              		@ frame_needed = 0, uses_anonymous_args = 0
 618              		@ link register save eliminated.
 619 0000 014B     		ldr	r3, .L130
 620 0002 0022     		movs	r2, #0
 621 0004 1A60     		str	r2, [r3]
 622 0006 7047     		bx	lr
 623              	.L131:
 624              		.align	2
 625              	.L130:
 626 0008 4C004242 		.word	1111621708
 628              		.section	.text.HAL_RCC_GetSysClockFreq,"ax",%progbits
 629              		.align	1
 630              		.global	HAL_RCC_GetSysClockFreq
 631              		.thumb
 632              		.thumb_func
 634              	HAL_RCC_GetSysClockFreq:
 635              		@ args = 0, pretend = 0, frame = 24
 636              		@ frame_needed = 0, uses_anonymous_args = 0
 637 0000 1B4B     		ldr	r3, .L140
 638 0002 70B5     		push	{r4, r5, r6, lr}
ARM GAS  /tmp/ccXR1bbM.s 			page 12


 639 0004 03F11005 		add	r5, r3, #16
 640 0008 2E46     		mov	r6, r5
 641 000a 86B0     		sub	sp, sp, #24
 642 000c 02AC     		add	r4, sp, #8
 643              	.L133:
 644 000e 2246     		mov	r2, r4
 645 0010 1868     		ldr	r0, [r3]	@ unaligned
 646 0012 5968     		ldr	r1, [r3, #4]	@ unaligned
 647 0014 0833     		adds	r3, r3, #8
 648 0016 03C2     		stmia	r2!, {r0, r1}
 649 0018 AB42     		cmp	r3, r5
 650 001a 1446     		mov	r4, r2
 651 001c F7D1     		bne	.L133
 652 001e 3388     		ldrh	r3, [r6]	@ unaligned
 653 0020 1449     		ldr	r1, .L140+4
 654 0022 ADF80430 		strh	r3, [sp, #4]	@ unaligned
 655 0026 4B68     		ldr	r3, [r1, #4]
 656 0028 03F00C02 		and	r2, r3, #12
 657 002c 042A     		cmp	r2, #4
 658 002e 1BD0     		beq	.L138
 659 0030 082A     		cmp	r2, #8
 660 0032 01D0     		beq	.L136
 661 0034 1048     		ldr	r0, .L140+8
 662 0036 18E0     		b	.L135
 663              	.L136:
 664 0038 C3F38342 		ubfx	r2, r3, #18, #4
 665 003c 06A8     		add	r0, sp, #24
 666 003e DB03     		lsls	r3, r3, #15
 667 0040 0244     		add	r2, r2, r0
 668 0042 12F8100C 		ldrb	r0, [r2, #-16]	@ zero_extendqisi2
 669 0046 41BF     		itttt	mi
 670 0048 0C4B     		ldrmi	r3, .L140+12
 671 004a 4A68     		ldrmi	r2, [r1, #4]
 672 004c 5843     		mulmi	r0, r3, r0
 673 004e C2F34043 		ubfxmi	r3, r2, #17, #1
 674 0052 43BF     		ittte	mi
 675 0054 06AA     		addmi	r2, sp, #24
 676 0056 9B18     		addmi	r3, r3, r2
 677 0058 13F8143C 		ldrbmi	r3, [r3, #-20]	@ zero_extendqisi2
 678 005c 084B     		ldrpl	r3, .L140+16
 679 005e 4CBF     		ite	mi
 680 0060 B0FBF3F0 		udivmi	r0, r0, r3
 681 0064 5843     		mulpl	r0, r3, r0
 682 0066 00E0     		b	.L135
 683              	.L138:
 684 0068 0448     		ldr	r0, .L140+12
 685              	.L135:
 686 006a 06B0     		add	sp, sp, #24
 687              		@ sp needed
 688 006c 70BD     		pop	{r4, r5, r6, pc}
 689              	.L141:
 690 006e 00BF     		.align	2
 691              	.L140:
 692 0070 00000000 		.word	.LANCHOR0
 693 0074 00100240 		.word	1073876992
 694 0078 00127A00 		.word	8000000
 695 007c 0024F400 		.word	16000000
ARM GAS  /tmp/ccXR1bbM.s 			page 13


 696 0080 00093D00 		.word	4000000
 698              		.section	.text.HAL_RCC_ClockConfig,"ax",%progbits
 699              		.align	1
 700              		.global	HAL_RCC_ClockConfig
 701              		.thumb
 702              		.thumb_func
 704              	HAL_RCC_ClockConfig:
 705              		@ args = 0, pretend = 0, frame = 0
 706              		@ frame_needed = 0, uses_anonymous_args = 0
 707 0000 F8B5     		push	{r3, r4, r5, r6, r7, lr}
 708 0002 0D46     		mov	r5, r1
 709 0004 0446     		mov	r4, r0
 710 0006 08B9     		cbnz	r0, .L143
 711              	.L148:
 712 0008 0120     		movs	r0, #1
 713 000a F8BD     		pop	{r3, r4, r5, r6, r7, pc}
 714              	.L143:
 715 000c 444A     		ldr	r2, .L186
 716 000e 1368     		ldr	r3, [r2]
 717 0010 03F00703 		and	r3, r3, #7
 718 0014 9942     		cmp	r1, r3
 719 0016 17D8     		bhi	.L145
 720              	.L149:
 721 0018 2268     		ldr	r2, [r4]
 722 001a 9007     		lsls	r0, r2, #30
 723 001c 1FD5     		bpl	.L147
 724 001e 414B     		ldr	r3, .L186+4
 725 0020 12F0040F 		tst	r2, #4
 726 0024 1EBF     		ittt	ne
 727 0026 5968     		ldrne	r1, [r3, #4]
 728 0028 41F4E061 		orrne	r1, r1, #1792
 729 002c 5960     		strne	r1, [r3, #4]
 730 002e 1107     		lsls	r1, r2, #28
 731 0030 42BF     		ittt	mi
 732 0032 5968     		ldrmi	r1, [r3, #4]
 733 0034 41F46051 		orrmi	r1, r1, #14336
 734 0038 5960     		strmi	r1, [r3, #4]
 735 003a 5968     		ldr	r1, [r3, #4]
 736 003c 21F0F000 		bic	r0, r1, #240
 737 0040 A168     		ldr	r1, [r4, #8]
 738 0042 0143     		orrs	r1, r1, r0
 739 0044 5960     		str	r1, [r3, #4]
 740 0046 0AE0     		b	.L147
 741              	.L145:
 742 0048 1368     		ldr	r3, [r2]
 743 004a 23F00703 		bic	r3, r3, #7
 744 004e 0B43     		orrs	r3, r3, r1
 745 0050 1360     		str	r3, [r2]
 746 0052 1368     		ldr	r3, [r2]
 747 0054 03F00703 		and	r3, r3, #7
 748 0058 8B42     		cmp	r3, r1
 749 005a D5D1     		bne	.L148
 750 005c DCE7     		b	.L149
 751              	.L147:
 752 005e D207     		lsls	r2, r2, #31
 753 0060 06D4     		bmi	.L152
 754              	.L160:
ARM GAS  /tmp/ccXR1bbM.s 			page 14


 755 0062 2F4A     		ldr	r2, .L186
 756 0064 1368     		ldr	r3, [r2]
 757 0066 03F00703 		and	r3, r3, #7
 758 006a 9D42     		cmp	r5, r3
 759 006c 28D3     		bcc	.L153
 760 006e 31E0     		b	.L154
 761              	.L152:
 762 0070 6368     		ldr	r3, [r4, #4]
 763 0072 2C4E     		ldr	r6, .L186+4
 764 0074 012B     		cmp	r3, #1
 765 0076 3268     		ldr	r2, [r6]
 766 0078 02D1     		bne	.L155
 767 007a 12F4003F 		tst	r2, #131072
 768 007e 06E0     		b	.L184
 769              	.L155:
 770 0080 022B     		cmp	r3, #2
 771 0082 02D1     		bne	.L157
 772 0084 12F0007F 		tst	r2, #33554432
 773 0088 01E0     		b	.L184
 774              	.L157:
 775 008a 12F0020F 		tst	r2, #2
 776              	.L184:
 777 008e BBD0     		beq	.L148
 778 0090 7268     		ldr	r2, [r6, #4]
 779 0092 22F00302 		bic	r2, r2, #3
 780 0096 1343     		orrs	r3, r3, r2
 781 0098 7360     		str	r3, [r6, #4]
 782 009a FFF7FEFF 		bl	HAL_GetTick
 783 009e 0746     		mov	r7, r0
 784              	.L158:
 785 00a0 7368     		ldr	r3, [r6, #4]
 786 00a2 6268     		ldr	r2, [r4, #4]
 787 00a4 03F00C03 		and	r3, r3, #12
 788 00a8 B3EB820F 		cmp	r3, r2, lsl #2
 789 00ac D9D0     		beq	.L160
 790 00ae FFF7FEFF 		bl	HAL_GetTick
 791 00b2 41F28833 		movw	r3, #5000
 792 00b6 C01B     		subs	r0, r0, r7
 793 00b8 9842     		cmp	r0, r3
 794 00ba F1D9     		bls	.L158
 795 00bc 0320     		movs	r0, #3
 796 00be F8BD     		pop	{r3, r4, r5, r6, r7, pc}
 797              	.L153:
 798 00c0 1368     		ldr	r3, [r2]
 799 00c2 23F00703 		bic	r3, r3, #7
 800 00c6 2B43     		orrs	r3, r3, r5
 801 00c8 1360     		str	r3, [r2]
 802 00ca 1368     		ldr	r3, [r2]
 803 00cc 03F00703 		and	r3, r3, #7
 804 00d0 AB42     		cmp	r3, r5
 805 00d2 99D1     		bne	.L148
 806              	.L154:
 807 00d4 2168     		ldr	r1, [r4]
 808 00d6 134D     		ldr	r5, .L186+4
 809 00d8 11F0040F 		tst	r1, #4
 810 00dc 05D0     		beq	.L162
 811 00de 6B68     		ldr	r3, [r5, #4]
ARM GAS  /tmp/ccXR1bbM.s 			page 15


 812 00e0 23F4E062 		bic	r2, r3, #1792
 813 00e4 E368     		ldr	r3, [r4, #12]
 814 00e6 1343     		orrs	r3, r3, r2
 815 00e8 6B60     		str	r3, [r5, #4]
 816              	.L162:
 817 00ea 0B07     		lsls	r3, r1, #28
 818 00ec 41BF     		itttt	mi
 819 00ee 6B68     		ldrmi	r3, [r5, #4]
 820 00f0 2269     		ldrmi	r2, [r4, #16]
 821 00f2 23F46053 		bicmi	r3, r3, #14336
 822 00f6 43EAC203 		orrmi	r3, r3, r2, lsl #3
 823 00fa 48BF     		it	mi
 824 00fc 6B60     		strmi	r3, [r5, #4]
 825 00fe FFF7FEFF 		bl	HAL_RCC_GetSysClockFreq
 826 0102 6B68     		ldr	r3, [r5, #4]
 827 0104 084A     		ldr	r2, .L186+8
 828 0106 C3F30313 		ubfx	r3, r3, #4, #4
 829 010a D35C     		ldrb	r3, [r2, r3]	@ zero_extendqisi2
 830 010c D840     		lsrs	r0, r0, r3
 831 010e 074B     		ldr	r3, .L186+12
 832 0110 1860     		str	r0, [r3]
 833 0112 074B     		ldr	r3, .L186+16
 834 0114 1868     		ldr	r0, [r3]
 835 0116 FFF7FEFF 		bl	HAL_InitTick
 836 011a 0020     		movs	r0, #0
 837 011c F8BD     		pop	{r3, r4, r5, r6, r7, pc}
 838              	.L187:
 839 011e 00BF     		.align	2
 840              	.L186:
 841 0120 00200240 		.word	1073881088
 842 0124 00100240 		.word	1073876992
 843 0128 00000000 		.word	AHBPrescTable
 844 012c 00000000 		.word	SystemCoreClock
 845 0130 00000000 		.word	uwTickPrio
 847              		.section	.text.HAL_RCC_GetHCLKFreq,"ax",%progbits
 848              		.align	1
 849              		.global	HAL_RCC_GetHCLKFreq
 850              		.thumb
 851              		.thumb_func
 853              	HAL_RCC_GetHCLKFreq:
 854              		@ args = 0, pretend = 0, frame = 0
 855              		@ frame_needed = 0, uses_anonymous_args = 0
 856              		@ link register save eliminated.
 857 0000 014B     		ldr	r3, .L189
 858 0002 1868     		ldr	r0, [r3]
 859 0004 7047     		bx	lr
 860              	.L190:
 861 0006 00BF     		.align	2
 862              	.L189:
 863 0008 00000000 		.word	SystemCoreClock
 865              		.section	.text.HAL_RCC_GetPCLK1Freq,"ax",%progbits
 866              		.align	1
 867              		.global	HAL_RCC_GetPCLK1Freq
 868              		.thumb
 869              		.thumb_func
 871              	HAL_RCC_GetPCLK1Freq:
 872              		@ args = 0, pretend = 0, frame = 0
ARM GAS  /tmp/ccXR1bbM.s 			page 16


 873              		@ frame_needed = 0, uses_anonymous_args = 0
 874              		@ link register save eliminated.
 875 0000 044B     		ldr	r3, .L192
 876 0002 054A     		ldr	r2, .L192+4
 877 0004 5B68     		ldr	r3, [r3, #4]
 878 0006 C3F30223 		ubfx	r3, r3, #8, #3
 879 000a D35C     		ldrb	r3, [r2, r3]	@ zero_extendqisi2
 880 000c 034A     		ldr	r2, .L192+8
 881 000e 1068     		ldr	r0, [r2]
 882 0010 D840     		lsrs	r0, r0, r3
 883 0012 7047     		bx	lr
 884              	.L193:
 885              		.align	2
 886              	.L192:
 887 0014 00100240 		.word	1073876992
 888 0018 00000000 		.word	APBPrescTable
 889 001c 00000000 		.word	SystemCoreClock
 891              		.section	.text.HAL_RCC_GetPCLK2Freq,"ax",%progbits
 892              		.align	1
 893              		.global	HAL_RCC_GetPCLK2Freq
 894              		.thumb
 895              		.thumb_func
 897              	HAL_RCC_GetPCLK2Freq:
 898              		@ args = 0, pretend = 0, frame = 0
 899              		@ frame_needed = 0, uses_anonymous_args = 0
 900              		@ link register save eliminated.
 901 0000 044B     		ldr	r3, .L195
 902 0002 054A     		ldr	r2, .L195+4
 903 0004 5B68     		ldr	r3, [r3, #4]
 904 0006 C3F3C223 		ubfx	r3, r3, #11, #3
 905 000a D35C     		ldrb	r3, [r2, r3]	@ zero_extendqisi2
 906 000c 034A     		ldr	r2, .L195+8
 907 000e 1068     		ldr	r0, [r2]
 908 0010 D840     		lsrs	r0, r0, r3
 909 0012 7047     		bx	lr
 910              	.L196:
 911              		.align	2
 912              	.L195:
 913 0014 00100240 		.word	1073876992
 914 0018 00000000 		.word	APBPrescTable
 915 001c 00000000 		.word	SystemCoreClock
 917              		.section	.text.HAL_RCC_GetOscConfig,"ax",%progbits
 918              		.align	1
 919              		.global	HAL_RCC_GetOscConfig
 920              		.thumb
 921              		.thumb_func
 923              	HAL_RCC_GetOscConfig:
 924              		@ args = 0, pretend = 0, frame = 0
 925              		@ frame_needed = 0, uses_anonymous_args = 0
 926              		@ link register save eliminated.
 927 0000 0F23     		movs	r3, #15
 928 0002 0360     		str	r3, [r0]
 929 0004 1E4B     		ldr	r3, .L211
 930 0006 1A68     		ldr	r2, [r3]
 931 0008 5203     		lsls	r2, r2, #13
 932 000a 02D5     		bpl	.L198
 933 000c 4FF4A022 		mov	r2, #327680
ARM GAS  /tmp/ccXR1bbM.s 			page 17


 934 0010 05E0     		b	.L200
 935              	.L198:
 936 0012 1A68     		ldr	r2, [r3]
 937 0014 12F48032 		ands	r2, r2, #65536
 938 0018 18BF     		it	ne
 939 001a 4FF48032 		movne	r2, #65536
 940              	.L200:
 941 001e 4260     		str	r2, [r0, #4]
 942 0020 5A68     		ldr	r2, [r3, #4]
 943 0022 02F40032 		and	r2, r2, #131072
 944 0026 8260     		str	r2, [r0, #8]
 945 0028 1A68     		ldr	r2, [r3]
 946 002a 12F00102 		ands	r2, r2, #1
 947 002e 18BF     		it	ne
 948 0030 0122     		movne	r2, #1
 949 0032 0261     		str	r2, [r0, #16]
 950 0034 1A68     		ldr	r2, [r3]
 951 0036 C2F3C402 		ubfx	r2, r2, #3, #5
 952 003a 4261     		str	r2, [r0, #20]
 953 003c 1A6A     		ldr	r2, [r3, #32]
 954 003e 5107     		lsls	r1, r2, #29
 955 0040 01D5     		bpl	.L203
 956 0042 0522     		movs	r2, #5
 957 0044 05E0     		b	.L205
 958              	.L203:
 959 0046 0E4A     		ldr	r2, .L211
 960 0048 126A     		ldr	r2, [r2, #32]
 961 004a 12F00102 		ands	r2, r2, #1
 962 004e 18BF     		it	ne
 963 0050 0122     		movne	r2, #1
 964              	.L205:
 965 0052 C260     		str	r2, [r0, #12]
 966 0054 5A6A     		ldr	r2, [r3, #36]
 967 0056 12F00102 		ands	r2, r2, #1
 968 005a 18BF     		it	ne
 969 005c 0122     		movne	r2, #1
 970 005e 8261     		str	r2, [r0, #24]
 971 0060 1A68     		ldr	r2, [r3]
 972 0062 D201     		lsls	r2, r2, #7
 973 0064 4CBF     		ite	mi
 974 0066 0222     		movmi	r2, #2
 975 0068 0122     		movpl	r2, #1
 976 006a C261     		str	r2, [r0, #28]
 977 006c 5A68     		ldr	r2, [r3, #4]
 978 006e 02F48032 		and	r2, r2, #65536
 979 0072 0262     		str	r2, [r0, #32]
 980 0074 5B68     		ldr	r3, [r3, #4]
 981 0076 03F47013 		and	r3, r3, #3932160
 982 007a 4362     		str	r3, [r0, #36]
 983 007c 7047     		bx	lr
 984              	.L212:
 985 007e 00BF     		.align	2
 986              	.L211:
 987 0080 00100240 		.word	1073876992
 989              		.section	.text.HAL_RCC_GetClockConfig,"ax",%progbits
 990              		.align	1
 991              		.global	HAL_RCC_GetClockConfig
ARM GAS  /tmp/ccXR1bbM.s 			page 18


 992              		.thumb
 993              		.thumb_func
 995              	HAL_RCC_GetClockConfig:
 996              		@ args = 0, pretend = 0, frame = 0
 997              		@ frame_needed = 0, uses_anonymous_args = 0
 998              		@ link register save eliminated.
 999 0000 0F23     		movs	r3, #15
 1000 0002 0360     		str	r3, [r0]
 1001 0004 0B4B     		ldr	r3, .L214
 1002 0006 5A68     		ldr	r2, [r3, #4]
 1003 0008 02F00302 		and	r2, r2, #3
 1004 000c 4260     		str	r2, [r0, #4]
 1005 000e 5A68     		ldr	r2, [r3, #4]
 1006 0010 02F0F002 		and	r2, r2, #240
 1007 0014 8260     		str	r2, [r0, #8]
 1008 0016 5A68     		ldr	r2, [r3, #4]
 1009 0018 02F4E062 		and	r2, r2, #1792
 1010 001c C260     		str	r2, [r0, #12]
 1011 001e 5B68     		ldr	r3, [r3, #4]
 1012 0020 03F46053 		and	r3, r3, #14336
 1013 0024 DB08     		lsrs	r3, r3, #3
 1014 0026 0361     		str	r3, [r0, #16]
 1015 0028 034B     		ldr	r3, .L214+4
 1016 002a 1B68     		ldr	r3, [r3]
 1017 002c 03F00703 		and	r3, r3, #7
 1018 0030 0B60     		str	r3, [r1]
 1019 0032 7047     		bx	lr
 1020              	.L215:
 1021              		.align	2
 1022              	.L214:
 1023 0034 00100240 		.word	1073876992
 1024 0038 00200240 		.word	1073881088
 1026              		.section	.text.HAL_RCC_CSSCallback,"ax",%progbits
 1027              		.align	1
 1028              		.weak	HAL_RCC_CSSCallback
 1029              		.thumb
 1030              		.thumb_func
 1032              	HAL_RCC_CSSCallback:
 1033              		@ args = 0, pretend = 0, frame = 0
 1034              		@ frame_needed = 0, uses_anonymous_args = 0
 1035              		@ link register save eliminated.
 1036 0000 7047     		bx	lr
 1038              		.section	.text.HAL_RCC_NMI_IRQHandler,"ax",%progbits
 1039              		.align	1
 1040              		.global	HAL_RCC_NMI_IRQHandler
 1041              		.thumb
 1042              		.thumb_func
 1044              	HAL_RCC_NMI_IRQHandler:
 1045              		@ args = 0, pretend = 0, frame = 0
 1046              		@ frame_needed = 0, uses_anonymous_args = 0
 1047 0000 08B5     		push	{r3, lr}
 1048 0002 054B     		ldr	r3, .L222
 1049 0004 9B68     		ldr	r3, [r3, #8]
 1050 0006 1B06     		lsls	r3, r3, #24
 1051 0008 04D5     		bpl	.L217
 1052 000a FFF7FEFF 		bl	HAL_RCC_CSSCallback
 1053 000e 034B     		ldr	r3, .L222+4
ARM GAS  /tmp/ccXR1bbM.s 			page 19


 1054 0010 8022     		movs	r2, #128
 1055 0012 1A70     		strb	r2, [r3]
 1056              	.L217:
 1057 0014 08BD     		pop	{r3, pc}
 1058              	.L223:
 1059 0016 00BF     		.align	2
 1060              	.L222:
 1061 0018 00100240 		.word	1073876992
 1062 001c 0A100240 		.word	1073877002
 1064              		.section	.rodata
 1065              		.set	.LANCHOR0,. + 0
 1066              	.LC0:
 1067 0000 02       		.byte	2
 1068 0001 03       		.byte	3
 1069 0002 04       		.byte	4
 1070 0003 05       		.byte	5
 1071 0004 06       		.byte	6
 1072 0005 07       		.byte	7
 1073 0006 08       		.byte	8
 1074 0007 09       		.byte	9
 1075 0008 0A       		.byte	10
 1076 0009 0B       		.byte	11
 1077 000a 0C       		.byte	12
 1078 000b 0D       		.byte	13
 1079 000c 0E       		.byte	14
 1080 000d 0F       		.byte	15
 1081 000e 10       		.byte	16
 1082 000f 10       		.byte	16
 1083              	.LC1:
 1084 0010 01       		.byte	1
 1085 0011 02       		.byte	2
 1086              		.ident	"GCC: (15:4.9.3+svn231177-1) 4.9.3 20150529 (prerelease)"
ARM GAS  /tmp/ccXR1bbM.s 			page 20


DEFINED SYMBOLS
                            *ABS*:0000000000000000 stm32f1xx_hal_rcc.c
     /tmp/ccXR1bbM.s:16     .text.HAL_RCC_DeInit:0000000000000000 $t
     /tmp/ccXR1bbM.s:21     .text.HAL_RCC_DeInit:0000000000000000 HAL_RCC_DeInit
     /tmp/ccXR1bbM.s:121    .text.HAL_RCC_DeInit:00000000000000d0 $d
     /tmp/ccXR1bbM.s:127    .text.HAL_RCC_OscConfig:0000000000000000 $t
     /tmp/ccXR1bbM.s:132    .text.HAL_RCC_OscConfig:0000000000000000 HAL_RCC_OscConfig
     /tmp/ccXR1bbM.s:448    .text.HAL_RCC_OscConfig:0000000000000278 $d
     /tmp/ccXR1bbM.s:454    .text.HAL_RCC_OscConfig:000000000000028c $t
     /tmp/ccXR1bbM.s:541    .text.HAL_RCC_OscConfig:000000000000033c $d
     /tmp/ccXR1bbM.s:545    .text.HAL_RCC_MCOConfig:0000000000000000 $t
     /tmp/ccXR1bbM.s:550    .text.HAL_RCC_MCOConfig:0000000000000000 HAL_RCC_MCOConfig
     /tmp/ccXR1bbM.s:587    .text.HAL_RCC_MCOConfig:0000000000000048 $d
     /tmp/ccXR1bbM.s:591    .text.HAL_RCC_EnableCSS:0000000000000000 $t
     /tmp/ccXR1bbM.s:596    .text.HAL_RCC_EnableCSS:0000000000000000 HAL_RCC_EnableCSS
     /tmp/ccXR1bbM.s:607    .text.HAL_RCC_EnableCSS:0000000000000008 $d
     /tmp/ccXR1bbM.s:610    .text.HAL_RCC_DisableCSS:0000000000000000 $t
     /tmp/ccXR1bbM.s:615    .text.HAL_RCC_DisableCSS:0000000000000000 HAL_RCC_DisableCSS
     /tmp/ccXR1bbM.s:626    .text.HAL_RCC_DisableCSS:0000000000000008 $d
     /tmp/ccXR1bbM.s:629    .text.HAL_RCC_GetSysClockFreq:0000000000000000 $t
     /tmp/ccXR1bbM.s:634    .text.HAL_RCC_GetSysClockFreq:0000000000000000 HAL_RCC_GetSysClockFreq
     /tmp/ccXR1bbM.s:692    .text.HAL_RCC_GetSysClockFreq:0000000000000070 $d
     /tmp/ccXR1bbM.s:699    .text.HAL_RCC_ClockConfig:0000000000000000 $t
     /tmp/ccXR1bbM.s:704    .text.HAL_RCC_ClockConfig:0000000000000000 HAL_RCC_ClockConfig
     /tmp/ccXR1bbM.s:841    .text.HAL_RCC_ClockConfig:0000000000000120 $d
     /tmp/ccXR1bbM.s:848    .text.HAL_RCC_GetHCLKFreq:0000000000000000 $t
     /tmp/ccXR1bbM.s:853    .text.HAL_RCC_GetHCLKFreq:0000000000000000 HAL_RCC_GetHCLKFreq
     /tmp/ccXR1bbM.s:863    .text.HAL_RCC_GetHCLKFreq:0000000000000008 $d
     /tmp/ccXR1bbM.s:866    .text.HAL_RCC_GetPCLK1Freq:0000000000000000 $t
     /tmp/ccXR1bbM.s:871    .text.HAL_RCC_GetPCLK1Freq:0000000000000000 HAL_RCC_GetPCLK1Freq
     /tmp/ccXR1bbM.s:887    .text.HAL_RCC_GetPCLK1Freq:0000000000000014 $d
     /tmp/ccXR1bbM.s:892    .text.HAL_RCC_GetPCLK2Freq:0000000000000000 $t
     /tmp/ccXR1bbM.s:897    .text.HAL_RCC_GetPCLK2Freq:0000000000000000 HAL_RCC_GetPCLK2Freq
     /tmp/ccXR1bbM.s:913    .text.HAL_RCC_GetPCLK2Freq:0000000000000014 $d
     /tmp/ccXR1bbM.s:918    .text.HAL_RCC_GetOscConfig:0000000000000000 $t
     /tmp/ccXR1bbM.s:923    .text.HAL_RCC_GetOscConfig:0000000000000000 HAL_RCC_GetOscConfig
     /tmp/ccXR1bbM.s:987    .text.HAL_RCC_GetOscConfig:0000000000000080 $d
     /tmp/ccXR1bbM.s:990    .text.HAL_RCC_GetClockConfig:0000000000000000 $t
     /tmp/ccXR1bbM.s:995    .text.HAL_RCC_GetClockConfig:0000000000000000 HAL_RCC_GetClockConfig
     /tmp/ccXR1bbM.s:1023   .text.HAL_RCC_GetClockConfig:0000000000000034 $d
     /tmp/ccXR1bbM.s:1027   .text.HAL_RCC_CSSCallback:0000000000000000 $t
     /tmp/ccXR1bbM.s:1032   .text.HAL_RCC_CSSCallback:0000000000000000 HAL_RCC_CSSCallback
     /tmp/ccXR1bbM.s:1039   .text.HAL_RCC_NMI_IRQHandler:0000000000000000 $t
     /tmp/ccXR1bbM.s:1044   .text.HAL_RCC_NMI_IRQHandler:0000000000000000 HAL_RCC_NMI_IRQHandler
     /tmp/ccXR1bbM.s:1061   .text.HAL_RCC_NMI_IRQHandler:0000000000000018 $d

UNDEFINED SYMBOLS
HAL_GetTick
HAL_InitTick
SystemCoreClock
uwTickPrio
memset
HAL_GPIO_Init
AHBPrescTable
APBPrescTable
