ARM GAS  /tmp/ccLBpAGV.s 			page 1


   1              		.syntax unified
   2              		.cpu cortex-m3
   3              		.fpu softvfp
   4              		.eabi_attribute 20, 1
   5              		.eabi_attribute 21, 1
   6              		.eabi_attribute 23, 3
   7              		.eabi_attribute 24, 1
   8              		.eabi_attribute 25, 1
   9              		.eabi_attribute 26, 1
  10              		.eabi_attribute 30, 4
  11              		.eabi_attribute 34, 1
  12              		.eabi_attribute 18, 4
  13              		.thumb
  14              		.file	"stm32f1xx_hal_gpio.c"
  15              		.section	.text.HAL_GPIO_Init,"ax",%progbits
  16              		.align	1
  17              		.global	HAL_GPIO_Init
  18              		.thumb
  19              		.thumb_func
  21              	HAL_GPIO_Init:
  22              		@ args = 0, pretend = 0, frame = 8
  23              		@ frame_needed = 0, uses_anonymous_args = 0
  24 0000 0023     		movs	r3, #0
  25 0002 F7B5     		push	{r0, r1, r2, r4, r5, r6, r7, lr}
  26 0004 1D46     		mov	r5, r3
  27              	.L2:
  28 0006 0C68     		ldr	r4, [r1]
  29 0008 34FA05F2 		lsrs	r2, r4, r5
  30 000c 00F0C080 		beq	.L47
  31 0010 0122     		movs	r2, #1
  32 0012 AA40     		lsls	r2, r2, r5
  33 0014 1440     		ands	r4, r4, r2
  34 0016 9442     		cmp	r4, r2
  35 0018 40F0B880 		bne	.L3
  36 001c 4A68     		ldr	r2, [r1, #4]
  37 001e 122A     		cmp	r2, #18
  38 0020 2BD0     		beq	.L5
  39 0022 0ED8     		bhi	.L6
  40 0024 022A     		cmp	r2, #2
  41 0026 25D0     		beq	.L7
  42 0028 04D8     		bhi	.L8
  43 002a 4AB3     		cbz	r2, .L9
  44 002c 012A     		cmp	r2, #1
  45 002e 30D1     		bne	.L4
  46 0030 CB68     		ldr	r3, [r1, #12]
  47 0032 2EE0     		b	.L4
  48              	.L8:
  49 0034 032A     		cmp	r2, #3
  50 0036 1BD0     		beq	.L11
  51 0038 112A     		cmp	r2, #17
  52 003a 2AD1     		bne	.L4
  53 003c CB68     		ldr	r3, [r1, #12]
  54 003e 0433     		adds	r3, r3, #4
  55 0040 27E0     		b	.L4
  56              	.L6:
  57 0042 544E     		ldr	r6, .L48
  58 0044 B242     		cmp	r2, r6
ARM GAS  /tmp/ccLBpAGV.s 			page 2


  59 0046 1BD0     		beq	.L9
  60 0048 06D8     		bhi	.L13
  61 004a A6F58016 		sub	r6, r6, #1048576
  62 004e B242     		cmp	r2, r6
  63 0050 16D0     		beq	.L9
  64 0052 06F58036 		add	r6, r6, #65536
  65 0056 08E0     		b	.L40
  66              	.L13:
  67 0058 4F4E     		ldr	r6, .L48+4
  68 005a B242     		cmp	r2, r6
  69 005c 10D0     		beq	.L9
  70 005e 06F58036 		add	r6, r6, #65536
  71 0062 B242     		cmp	r2, r6
  72 0064 0CD0     		beq	.L9
  73 0066 A6F58016 		sub	r6, r6, #1048576
  74              	.L40:
  75 006a B242     		cmp	r2, r6
  76 006c 11D1     		bne	.L4
  77 006e 07E0     		b	.L9
  78              	.L11:
  79 0070 0023     		movs	r3, #0
  80 0072 0EE0     		b	.L4
  81              	.L7:
  82 0074 CB68     		ldr	r3, [r1, #12]
  83 0076 0833     		adds	r3, r3, #8
  84 0078 0BE0     		b	.L4
  85              	.L5:
  86 007a CB68     		ldr	r3, [r1, #12]
  87 007c 0C33     		adds	r3, r3, #12
  88 007e 08E0     		b	.L4
  89              	.L9:
  90 0080 8B68     		ldr	r3, [r1, #8]
  91 0082 2BB1     		cbz	r3, .L26
  92 0084 012B     		cmp	r3, #1
  93 0086 0CBF     		ite	eq
  94 0088 0461     		streq	r4, [r0, #16]
  95 008a 4461     		strne	r4, [r0, #20]
  96 008c 0823     		movs	r3, #8
  97 008e 00E0     		b	.L4
  98              	.L26:
  99 0090 0423     		movs	r3, #4
 100              	.L4:
 101 0092 FF2C     		cmp	r4, #255
 102 0094 97BF     		itett	ls
 103 0096 8646     		movls	lr, r0
 104 0098 A5F10807 		subhi	r7, r5, #8
 105 009c 0668     		ldrls	r6, [r0]
 106 009e AF00     		lslls	r7, r5, #2
 107 00a0 84BF     		itt	hi
 108 00a2 4668     		ldrhi	r6, [r0, #4]
 109 00a4 BF00     		lslhi	r7, r7, #2
 110 00a6 4FF00F02 		mov	r2, #15
 111 00aa 02FA07FC 		lsl	ip, r2, r7
 112 00ae 26EA0C06 		bic	r6, r6, ip
 113 00b2 03FA07F7 		lsl	r7, r3, r7
 114 00b6 46EA0706 		orr	r6, r6, r7
 115 00ba 88BF     		it	hi
ARM GAS  /tmp/ccLBpAGV.s 			page 3


 116 00bc 00F1040E 		addhi	lr, r0, #4
 117 00c0 CEF80060 		str	r6, [lr]
 118 00c4 4F68     		ldr	r7, [r1, #4]
 119 00c6 FE00     		lsls	r6, r7, #3
 120 00c8 60D5     		bpl	.L3
 121 00ca 344E     		ldr	r6, .L48+8
 122 00cc 05F0030C 		and	ip, r5, #3
 123 00d0 D6F818E0 		ldr	lr, [r6, #24]
 124 00d4 4FEA8C0C 		lsl	ip, ip, #2
 125 00d8 4EF0010E 		orr	lr, lr, #1
 126 00dc C6F818E0 		str	lr, [r6, #24]
 127 00e0 B669     		ldr	r6, [r6, #24]
 128 00e2 02FA0CF2 		lsl	r2, r2, ip
 129 00e6 06F00106 		and	r6, r6, #1
 130 00ea 0196     		str	r6, [sp, #4]
 131 00ec 019E     		ldr	r6, [sp, #4]
 132 00ee 25F00306 		bic	r6, r5, #3
 133 00f2 06F18046 		add	r6, r6, #1073741824
 134 00f6 06F58036 		add	r6, r6, #65536
 135 00fa D6F808E0 		ldr	lr, [r6, #8]
 136 00fe 2EEA020E 		bic	lr, lr, r2
 137 0102 274A     		ldr	r2, .L48+12
 138 0104 9042     		cmp	r0, r2
 139 0106 16D0     		beq	.L27
 140 0108 02F58062 		add	r2, r2, #1024
 141 010c 9042     		cmp	r0, r2
 142 010e 14D0     		beq	.L28
 143 0110 02F58062 		add	r2, r2, #1024
 144 0114 9042     		cmp	r0, r2
 145 0116 12D0     		beq	.L29
 146 0118 02F58062 		add	r2, r2, #1024
 147 011c 9042     		cmp	r0, r2
 148 011e 10D0     		beq	.L30
 149 0120 02F58062 		add	r2, r2, #1024
 150 0124 9042     		cmp	r0, r2
 151 0126 0ED0     		beq	.L31
 152 0128 02F58062 		add	r2, r2, #1024
 153 012c 9042     		cmp	r0, r2
 154 012e 0CBF     		ite	eq
 155 0130 0522     		moveq	r2, #5
 156 0132 0622     		movne	r2, #6
 157 0134 08E0     		b	.L17
 158              	.L27:
 159 0136 0022     		movs	r2, #0
 160 0138 06E0     		b	.L17
 161              	.L28:
 162 013a 0122     		movs	r2, #1
 163 013c 04E0     		b	.L17
 164              	.L29:
 165 013e 0222     		movs	r2, #2
 166 0140 02E0     		b	.L17
 167              	.L30:
 168 0142 0322     		movs	r2, #3
 169 0144 00E0     		b	.L17
 170              	.L31:
 171 0146 0422     		movs	r2, #4
 172              	.L17:
ARM GAS  /tmp/ccLBpAGV.s 			page 4


 173 0148 02FA0CF2 		lsl	r2, r2, ip
 174 014c 42EA0E02 		orr	r2, r2, lr
 175 0150 B260     		str	r2, [r6, #8]
 176 0152 144A     		ldr	r2, .L48+16
 177 0154 17F4803F 		tst	r7, #65536
 178 0158 1668     		ldr	r6, [r2]
 179 015a 14BF     		ite	ne
 180 015c 2643     		orrne	r6, r6, r4
 181 015e A643     		biceq	r6, r6, r4
 182 0160 1660     		str	r6, [r2]
 183 0162 5668     		ldr	r6, [r2, #4]
 184 0164 17F4003F 		tst	r7, #131072
 185 0168 14BF     		ite	ne
 186 016a 2643     		orrne	r6, r6, r4
 187 016c A643     		biceq	r6, r6, r4
 188 016e 5660     		str	r6, [r2, #4]
 189 0170 9668     		ldr	r6, [r2, #8]
 190 0172 17F4801F 		tst	r7, #1048576
 191 0176 14BF     		ite	ne
 192 0178 2643     		orrne	r6, r6, r4
 193 017a A643     		biceq	r6, r6, r4
 194 017c 9660     		str	r6, [r2, #8]
 195 017e D668     		ldr	r6, [r2, #12]
 196 0180 BF02     		lsls	r7, r7, #10
 197 0182 4CBF     		ite	mi
 198 0184 3443     		orrmi	r4, r4, r6
 199 0186 26EA0404 		bicpl	r4, r6, r4
 200 018a D460     		str	r4, [r2, #12]
 201              	.L3:
 202 018c 0135     		adds	r5, r5, #1
 203 018e 3AE7     		b	.L2
 204              	.L47:
 205 0190 03B0     		add	sp, sp, #12
 206              		@ sp needed
 207 0192 F0BD     		pop	{r4, r5, r6, r7, pc}
 208              	.L49:
 209              		.align	2
 210              	.L48:
 211 0194 00002110 		.word	270598144
 212 0198 00003110 		.word	271646720
 213 019c 00100240 		.word	1073876992
 214 01a0 00080140 		.word	1073809408
 215 01a4 00040140 		.word	1073808384
 217              		.section	.text.HAL_GPIO_DeInit,"ax",%progbits
 218              		.align	1
 219              		.global	HAL_GPIO_DeInit
 220              		.thumb
 221              		.thumb_func
 223              	HAL_GPIO_DeInit:
 224              		@ args = 0, pretend = 0, frame = 0
 225              		@ frame_needed = 0, uses_anonymous_args = 0
 226 0000 F0B5     		push	{r4, r5, r6, r7, lr}
 227 0002 0022     		movs	r2, #0
 228              	.L51:
 229 0004 31FA02F3 		lsrs	r3, r1, r2
 230 0008 68D0     		beq	.L67
 231 000a 0123     		movs	r3, #1
ARM GAS  /tmp/ccLBpAGV.s 			page 5


 232 000c 03FA02F6 		lsl	r6, r3, r2
 233 0010 0E40     		ands	r6, r6, r1
 234 0012 61D0     		beq	.L52
 235 0014 22F00304 		bic	r4, r2, #3
 236 0018 04F18044 		add	r4, r4, #1073741824
 237 001c 04F58034 		add	r4, r4, #65536
 238 0020 02F00305 		and	r5, r2, #3
 239 0024 DFF8C0C0 		ldr	ip, .L68+8
 240 0028 D4F808E0 		ldr	lr, [r4, #8]
 241 002c AD00     		lsls	r5, r5, #2
 242 002e 0F27     		movs	r7, #15
 243 0030 AF40     		lsls	r7, r7, r5
 244 0032 6045     		cmp	r0, ip
 245 0034 07EA0E0E 		and	lr, r7, lr
 246 0038 15D0     		beq	.L58
 247 003a 0CF5806C 		add	ip, ip, #1024
 248 003e 6045     		cmp	r0, ip
 249 0040 18D0     		beq	.L53
 250 0042 274B     		ldr	r3, .L68
 251 0044 9842     		cmp	r0, r3
 252 0046 10D0     		beq	.L60
 253 0048 03F58063 		add	r3, r3, #1024
 254 004c 9842     		cmp	r0, r3
 255 004e 0ED0     		beq	.L61
 256 0050 03F58063 		add	r3, r3, #1024
 257 0054 9842     		cmp	r0, r3
 258 0056 0CD0     		beq	.L62
 259 0058 03F58063 		add	r3, r3, #1024
 260 005c 9842     		cmp	r0, r3
 261 005e 0CBF     		ite	eq
 262 0060 0523     		moveq	r3, #5
 263 0062 0623     		movne	r3, #6
 264 0064 06E0     		b	.L53
 265              	.L58:
 266 0066 0023     		movs	r3, #0
 267 0068 04E0     		b	.L53
 268              	.L60:
 269 006a 0223     		movs	r3, #2
 270 006c 02E0     		b	.L53
 271              	.L61:
 272 006e 0323     		movs	r3, #3
 273 0070 00E0     		b	.L53
 274              	.L62:
 275 0072 0423     		movs	r3, #4
 276              	.L53:
 277 0074 AB40     		lsls	r3, r3, r5
 278 0076 9E45     		cmp	lr, r3
 279 0078 6FEA0605 		mvn	r5, r6
 280 007c 10D1     		bne	.L54
 281 007e A368     		ldr	r3, [r4, #8]
 282 0080 23EA0707 		bic	r7, r3, r7
 283 0084 174B     		ldr	r3, .L68+4
 284 0086 A760     		str	r7, [r4, #8]
 285 0088 1C68     		ldr	r4, [r3]
 286 008a 2C40     		ands	r4, r4, r5
 287 008c 1C60     		str	r4, [r3]
 288 008e 5C68     		ldr	r4, [r3, #4]
ARM GAS  /tmp/ccLBpAGV.s 			page 6


 289 0090 2C40     		ands	r4, r4, r5
 290 0092 5C60     		str	r4, [r3, #4]
 291 0094 9C68     		ldr	r4, [r3, #8]
 292 0096 2C40     		ands	r4, r4, r5
 293 0098 9C60     		str	r4, [r3, #8]
 294 009a DC68     		ldr	r4, [r3, #12]
 295 009c 2C40     		ands	r4, r4, r5
 296 009e DC60     		str	r4, [r3, #12]
 297              	.L54:
 298 00a0 FF2E     		cmp	r6, #255
 299 00a2 95BF     		itete	ls
 300 00a4 0746     		movls	r7, r0
 301 00a6 A2F10806 		subhi	r6, r2, #8
 302 00aa 0368     		ldrls	r3, [r0]
 303 00ac 4368     		ldrhi	r3, [r0, #4]
 304 00ae 94BF     		ite	ls
 305 00b0 9600     		lslls	r6, r2, #2
 306 00b2 B600     		lslhi	r6, r6, #2
 307 00b4 4FF00F04 		mov	r4, #15
 308 00b8 04FA06F4 		lsl	r4, r4, r6
 309 00bc 23EA0403 		bic	r3, r3, r4
 310 00c0 4FF00404 		mov	r4, #4
 311 00c4 04FA06F4 		lsl	r4, r4, r6
 312 00c8 43EA0403 		orr	r3, r3, r4
 313 00cc 88BF     		it	hi
 314 00ce 071D     		addhi	r7, r0, #4
 315 00d0 3B60     		str	r3, [r7]
 316 00d2 C368     		ldr	r3, [r0, #12]
 317 00d4 1D40     		ands	r5, r5, r3
 318 00d6 C560     		str	r5, [r0, #12]
 319              	.L52:
 320 00d8 0132     		adds	r2, r2, #1
 321 00da 93E7     		b	.L51
 322              	.L67:
 323 00dc F0BD     		pop	{r4, r5, r6, r7, pc}
 324              	.L69:
 325 00de 00BF     		.align	2
 326              	.L68:
 327 00e0 00100140 		.word	1073811456
 328 00e4 00040140 		.word	1073808384
 329 00e8 00080140 		.word	1073809408
 331              		.section	.text.HAL_GPIO_ReadPin,"ax",%progbits
 332              		.align	1
 333              		.global	HAL_GPIO_ReadPin
 334              		.thumb
 335              		.thumb_func
 337              	HAL_GPIO_ReadPin:
 338              		@ args = 0, pretend = 0, frame = 0
 339              		@ frame_needed = 0, uses_anonymous_args = 0
 340              		@ link register save eliminated.
 341 0000 8368     		ldr	r3, [r0, #8]
 342 0002 1942     		tst	r1, r3
 343 0004 14BF     		ite	ne
 344 0006 0120     		movne	r0, #1
 345 0008 0020     		moveq	r0, #0
 346 000a 7047     		bx	lr
 348              		.section	.text.HAL_GPIO_WritePin,"ax",%progbits
ARM GAS  /tmp/ccLBpAGV.s 			page 7


 349              		.align	1
 350              		.global	HAL_GPIO_WritePin
 351              		.thumb
 352              		.thumb_func
 354              	HAL_GPIO_WritePin:
 355              		@ args = 0, pretend = 0, frame = 0
 356              		@ frame_needed = 0, uses_anonymous_args = 0
 357              		@ link register save eliminated.
 358 0000 02B9     		cbnz	r2, .L74
 359 0002 0904     		lsls	r1, r1, #16
 360              	.L74:
 361 0004 0161     		str	r1, [r0, #16]
 362 0006 7047     		bx	lr
 364              		.section	.text.HAL_GPIO_TogglePin,"ax",%progbits
 365              		.align	1
 366              		.global	HAL_GPIO_TogglePin
 367              		.thumb
 368              		.thumb_func
 370              	HAL_GPIO_TogglePin:
 371              		@ args = 0, pretend = 0, frame = 0
 372              		@ frame_needed = 0, uses_anonymous_args = 0
 373              		@ link register save eliminated.
 374 0000 C368     		ldr	r3, [r0, #12]
 375 0002 1942     		tst	r1, r3
 376 0004 14BF     		ite	ne
 377 0006 4161     		strne	r1, [r0, #20]
 378 0008 0161     		streq	r1, [r0, #16]
 379 000a 7047     		bx	lr
 381              		.section	.text.HAL_GPIO_LockPin,"ax",%progbits
 382              		.align	1
 383              		.global	HAL_GPIO_LockPin
 384              		.thumb
 385              		.thumb_func
 387              	HAL_GPIO_LockPin:
 388              		@ args = 0, pretend = 0, frame = 8
 389              		@ frame_needed = 0, uses_anonymous_args = 0
 390              		@ link register save eliminated.
 391 0000 82B0     		sub	sp, sp, #8
 392 0002 4FF48033 		mov	r3, #65536
 393 0006 0193     		str	r3, [sp, #4]
 394 0008 019B     		ldr	r3, [sp, #4]
 395 000a 0B43     		orrs	r3, r3, r1
 396 000c 0193     		str	r3, [sp, #4]
 397 000e 019B     		ldr	r3, [sp, #4]
 398 0010 8361     		str	r3, [r0, #24]
 399 0012 8161     		str	r1, [r0, #24]
 400 0014 019B     		ldr	r3, [sp, #4]
 401 0016 8361     		str	r3, [r0, #24]
 402 0018 8369     		ldr	r3, [r0, #24]
 403 001a 0193     		str	r3, [sp, #4]
 404 001c 8069     		ldr	r0, [r0, #24]
 405 001e 80F48030 		eor	r0, r0, #65536
 406 0022 C0F30040 		ubfx	r0, r0, #16, #1
 407 0026 02B0     		add	sp, sp, #8
 408              		@ sp needed
 409 0028 7047     		bx	lr
 411              		.section	.text.HAL_GPIO_EXTI_Callback,"ax",%progbits
ARM GAS  /tmp/ccLBpAGV.s 			page 8


 412              		.align	1
 413              		.weak	HAL_GPIO_EXTI_Callback
 414              		.thumb
 415              		.thumb_func
 417              	HAL_GPIO_EXTI_Callback:
 418              		@ args = 0, pretend = 0, frame = 0
 419              		@ frame_needed = 0, uses_anonymous_args = 0
 420              		@ link register save eliminated.
 421 0000 7047     		bx	lr
 423              		.section	.text.HAL_GPIO_EXTI_IRQHandler,"ax",%progbits
 424              		.align	1
 425              		.global	HAL_GPIO_EXTI_IRQHandler
 426              		.thumb
 427              		.thumb_func
 429              	HAL_GPIO_EXTI_IRQHandler:
 430              		@ args = 0, pretend = 0, frame = 0
 431              		@ frame_needed = 0, uses_anonymous_args = 0
 432 0000 08B5     		push	{r3, lr}
 433 0002 044B     		ldr	r3, .L85
 434 0004 5969     		ldr	r1, [r3, #20]
 435 0006 0842     		tst	r0, r1
 436 0008 02D0     		beq	.L80
 437 000a 5861     		str	r0, [r3, #20]
 438 000c FFF7FEFF 		bl	HAL_GPIO_EXTI_Callback
 439              	.L80:
 440 0010 08BD     		pop	{r3, pc}
 441              	.L86:
 442 0012 00BF     		.align	2
 443              	.L85:
 444 0014 00040140 		.word	1073808384
 446              		.ident	"GCC: (15:4.9.3+svn231177-1) 4.9.3 20150529 (prerelease)"
ARM GAS  /tmp/ccLBpAGV.s 			page 9


DEFINED SYMBOLS
                            *ABS*:0000000000000000 stm32f1xx_hal_gpio.c
     /tmp/ccLBpAGV.s:16     .text.HAL_GPIO_Init:0000000000000000 $t
     /tmp/ccLBpAGV.s:21     .text.HAL_GPIO_Init:0000000000000000 HAL_GPIO_Init
     /tmp/ccLBpAGV.s:211    .text.HAL_GPIO_Init:0000000000000194 $d
     /tmp/ccLBpAGV.s:218    .text.HAL_GPIO_DeInit:0000000000000000 $t
     /tmp/ccLBpAGV.s:223    .text.HAL_GPIO_DeInit:0000000000000000 HAL_GPIO_DeInit
     /tmp/ccLBpAGV.s:327    .text.HAL_GPIO_DeInit:00000000000000e0 $d
     /tmp/ccLBpAGV.s:332    .text.HAL_GPIO_ReadPin:0000000000000000 $t
     /tmp/ccLBpAGV.s:337    .text.HAL_GPIO_ReadPin:0000000000000000 HAL_GPIO_ReadPin
     /tmp/ccLBpAGV.s:349    .text.HAL_GPIO_WritePin:0000000000000000 $t
     /tmp/ccLBpAGV.s:354    .text.HAL_GPIO_WritePin:0000000000000000 HAL_GPIO_WritePin
     /tmp/ccLBpAGV.s:365    .text.HAL_GPIO_TogglePin:0000000000000000 $t
     /tmp/ccLBpAGV.s:370    .text.HAL_GPIO_TogglePin:0000000000000000 HAL_GPIO_TogglePin
     /tmp/ccLBpAGV.s:382    .text.HAL_GPIO_LockPin:0000000000000000 $t
     /tmp/ccLBpAGV.s:387    .text.HAL_GPIO_LockPin:0000000000000000 HAL_GPIO_LockPin
     /tmp/ccLBpAGV.s:412    .text.HAL_GPIO_EXTI_Callback:0000000000000000 $t
     /tmp/ccLBpAGV.s:417    .text.HAL_GPIO_EXTI_Callback:0000000000000000 HAL_GPIO_EXTI_Callback
     /tmp/ccLBpAGV.s:424    .text.HAL_GPIO_EXTI_IRQHandler:0000000000000000 $t
     /tmp/ccLBpAGV.s:429    .text.HAL_GPIO_EXTI_IRQHandler:0000000000000000 HAL_GPIO_EXTI_IRQHandler
     /tmp/ccLBpAGV.s:444    .text.HAL_GPIO_EXTI_IRQHandler:0000000000000014 $d

NO UNDEFINED SYMBOLS
